[2021-04-15 22:00:31 -0400] [24720] [INFO] Starting gunicorn 20.0.4
[2021-04-15 22:00:31 -0400] [24720] [INFO] Listening at: http://0.0.0.0:5000 (24720)
[2021-04-15 22:00:31 -0400] [24720] [INFO] Using worker: sync
[2021-04-15 22:00:31 -0400] [24734] [INFO] Booting worker with pid: 24734
[2021-04-15 22:00:31 -0400] [24735] [INFO] Booting worker with pid: 24735
[2021-04-15 22:01:10 -0400] [24720] [INFO] Handling signal: hup
[2021-04-15 22:01:10 -0400] [24720] [INFO] Hang up: Master
[2021-04-15 22:01:10 -0400] [24783] [INFO] Booting worker with pid: 24783
[2021-04-15 22:01:10 -0400] [24784] [INFO] Booting worker with pid: 24784
[2021-04-15 22:05:31 -0400] [24784] [INFO] Worker exiting (pid: 24784)
[2021-04-15 22:05:31 -0400] [24783] [INFO] Worker exiting (pid: 24783)
READING CODES
<class 'dict'>
READING CODES
<class 'dict'>
[2021-04-15 22:05:31 -0400] [24720] [INFO] Handling signal: term
[2021-04-15 22:05:31 -0400] [24720] [INFO] Shutting down: Master
[2021-04-15 22:05:59 -0400] [25149] [INFO] Starting gunicorn 20.0.4
[2021-04-15 22:05:59 -0400] [25149] [INFO] Listening at: http://0.0.0.0:5000 (25149)
[2021-04-15 22:05:59 -0400] [25149] [INFO] Using worker: sync
[2021-04-15 22:05:59 -0400] [25153] [INFO] Booting worker with pid: 25153
[2021-04-15 22:05:59 -0400] [25154] [INFO] Booting worker with pid: 25154
[2021-04-15 22:06:11 -0400] [25154] [INFO] Worker exiting (pid: 25154)
[2021-04-15 22:06:11 -0400] [25153] [INFO] Worker exiting (pid: 25153)
[2021-04-15 22:06:11 -0400] [25149] [INFO] Handling signal: term
READING CODES
<class 'dict'>
READING CODES
<class 'dict'>
[2021-04-15 22:06:11 -0400] [25149] [INFO] Shutting down: Master
 * Serving Flask app "src/routes.py" (lazy loading)
 * Environment: development
 * Debug mode: on
 * Running on http://0.0.0.0:5000/ (Press CTRL+C to quit)
 * Restarting with stat
 * Debugger is active!
 * Debugger PIN: 757-019-991
READING CODES
<class 'dict'>
